[Sat Mar 21 13:10:27.318889 2020] [mpm_event:notice] [pid 1:tid 140629262402688] AH00489: Apache/2.4.41 (Unix) configured -- resuming normal operations
[Sat Mar 21 13:10:27.319073 2020] [core:notice] [pid 1:tid 140629262402688] AH00094: Command line: 'httpd -D FOREGROUND'
[Sat Mar 21 16:00:40.867064 2020] [proxy_fcgi:error] [pid 8:tid 140629252302592] [client 192.168.32.1:56754] AH01071: Got error 'PHP message: PHP Fatal error:  Cannot redeclare App\\Controller\\FrontendController::histo() in /var/www/html/src/Controller/FrontendController.php on line 43\nPHP message: PHP Stack trace:\nPHP message: PHP   1. {main}() /var/www/html/public/index.php:0\nPHP message: PHP   2. App\\Kernel->handle() /var/www/html/public/index.php:25\nPHP message: PHP   3. App\\Kernel->boot() /var/www/html/vendor/symfony/http-kernel/Kernel.php:196\nPHP message: PHP   4. App\\Kernel->initializeContainer() /var/www/html/vendor/symfony/http-kernel/Kernel.php:136\nPHP message: PHP   5. Symfony\\Component\\Config\\ConfigCache->isFresh() /var/www/html/vendor/symfony/http-kernel/Kernel.php:517\nPHP message: PHP   6. Symfony\\Component\\Config\\ConfigCache->isFresh() /var/www/html/vendor/symfony/config/ConfigCache.php:60\nPHP message: PHP   7. Symfony\\Component\\Config\\Resource\\SelfCheckingResourceChecker->isFresh() /var/www/html/vendor/symfony/config/ResourceCheckerConfigCache.php:99\nPHP message: PHP   8. Symfony\\Component\\Config\\Resource\\ReflectionClassResource->isFresh() /var/www/html/vendor/symfony/config/Resource/SelfCheckingResourceChecker.php:34\nPHP message: PHP   9. Symfony\\Component\\Config\\Resource\\ReflectionClassResource->computeHash() /var/www/html/vendor/symfony/config/Resource/ReflectionClassResource.php:52\nPHP message: PHP  10. ReflectionClass->__construct() /var/www/html/vendor/symfony/config/Resource/ReflectionClassResource.php:105\nPHP message: PHP  11. spl_autoload_call() /var/www/html/vendor/symfony/config/Resource/ReflectionClassResource.php:105\nPHP message: PHP  12. Symfony\\Component\\ErrorHandler\\DebugClassLoader->loadClass() /var/www/html/vendor/symfony/config/Resource/ReflectionClassResource.php:105\n', referer: http://localhost/index.php/home2
[Sun Mar 22 18:44:12.646126 2020] [mpm_event:notice] [pid 1:tid 140629262402688] AH00492: caught SIGWINCH, shutting down gracefully
[Sun Mar 22 18:45:33.300866 2020] [mpm_event:notice] [pid 1:tid 140685358179456] AH00489: Apache/2.4.41 (Unix) configured -- resuming normal operations
[Sun Mar 22 18:45:33.302741 2020] [core:notice] [pid 1:tid 140685358179456] AH00094: Command line: 'httpd -D FOREGROUND'
[Mon Mar 23 15:44:52.737501 2020] [mpm_event:notice] [pid 1:tid 140685358179456] AH00492: caught SIGWINCH, shutting down gracefully
[Mon Mar 23 15:45:14.147636 2020] [mpm_event:notice] [pid 1:tid 140698629293184] AH00489: Apache/2.4.41 (Unix) configured -- resuming normal operations
[Mon Mar 23 15:45:14.147854 2020] [core:notice] [pid 1:tid 140698629293184] AH00094: Command line: 'httpd -D FOREGROUND'
[Tue Mar 24 07:51:06.977130 2020] [mpm_event:notice] [pid 1:tid 140698629293184] AH00492: caught SIGWINCH, shutting down gracefully
[Tue Mar 24 08:00:45.420821 2020] [mpm_event:notice] [pid 1:tid 139935235720320] AH00489: Apache/2.4.41 (Unix) configured -- resuming normal operations
[Tue Mar 24 08:00:45.421267 2020] [core:notice] [pid 1:tid 139935235720320] AH00094: Command line: 'httpd -D FOREGROUND'
[Wed Mar 25 10:40:33.128803 2020] [mpm_event:notice] [pid 1:tid 139935235720320] AH00492: caught SIGWINCH, shutting down gracefully
[Wed Mar 25 10:41:17.257443 2020] [mpm_event:notice] [pid 1:tid 140489489245312] AH00489: Apache/2.4.41 (Unix) configured -- resuming normal operations
[Wed Mar 25 10:41:17.258674 2020] [core:notice] [pid 1:tid 140489489245312] AH00094: Command line: 'httpd -D FOREGROUND'
[Thu Mar 26 14:17:32.071403 2020] [mpm_event:notice] [pid 1:tid 140489489245312] AH00492: caught SIGWINCH, shutting down gracefully
[Thu Mar 26 16:21:53.641324 2020] [mpm_event:notice] [pid 1:tid 140331321701504] AH00489: Apache/2.4.41 (Unix) configured -- resuming normal operations
[Thu Mar 26 16:21:53.641508 2020] [core:notice] [pid 1:tid 140331321701504] AH00094: Command line: 'httpd -D FOREGROUND'
[Thu Mar 26 17:32:28.918418 2020] [proxy_fcgi:error] [pid 91:tid 140330724742912] [client 192.168.160.1:38026] AH01071: Got error 'PHP message: 2020-03-26T18:32:28+01:00 [critical] Uncaught Exception: Expected to find class "App\\DataFixtures\\_PeopleRoleFixtures" in file "/var/www/html/src/DataFixtures/_PeopleRoleFixtures.php" while importing services from resource "../src/*", but it was not found! Check the namespace prefix used with the resource in /var/www/html/config/services.yaml (which is loaded in resource "/var/www/html/config/services.yaml").\n', referer: http://localhost/index.php/matchs
[Sun Mar 29 08:31:00.631738 2020] [mpm_event:notice] [pid 1:tid 140331321701504] AH00492: caught SIGWINCH, shutting down gracefully
[Sun Mar 29 08:31:20.369776 2020] [mpm_event:notice] [pid 1:tid 140221348021376] AH00489: Apache/2.4.41 (Unix) configured -- resuming normal operations
[Sun Mar 29 08:31:20.370341 2020] [core:notice] [pid 1:tid 140221348021376] AH00094: Command line: 'httpd -D FOREGROUND'
[Tue Mar 31 06:29:22.935445 2020] [mpm_event:notice] [pid 1:tid 140221348021376] AH00492: caught SIGWINCH, shutting down gracefully
[Tue Mar 31 07:29:10.010895 2020] [mpm_event:notice] [pid 1:tid 139673495176320] AH00489: Apache/2.4.41 (Unix) configured -- resuming normal operations
[Tue Mar 31 07:29:10.013778 2020] [core:notice] [pid 1:tid 139673495176320] AH00094: Command line: 'httpd -D FOREGROUND'
